TN:
SF:src/extension.ts
FN:19,parseNaturalLanguageResponse
FN:59,loadJsonFile
FN:70,(anonymous_12)
FN:101,(anonymous_13)
FN:121,activate
FN:148,(anonymous_15)
FN:158,(anonymous_16)
FN:166,(anonymous_17)
FN:194,(anonymous_18)
FN:195,(anonymous_19)
FN:203,(anonymous_20)
FN:206,(anonymous_21)
FN:226,callClaudeAPIStreaming
FN:325,addSuggestionAsDiagnostic
FN:347,(anonymous_24)
FN:404,deactivate
FNF:16
FNH:0
FNDA:0,parseNaturalLanguageResponse
FNDA:0,loadJsonFile
FNDA:0,(anonymous_12)
FNDA:0,(anonymous_13)
FNDA:0,activate
FNDA:0,(anonymous_15)
FNDA:0,(anonymous_16)
FNDA:0,(anonymous_17)
FNDA:0,(anonymous_18)
FNDA:0,(anonymous_19)
FNDA:0,(anonymous_20)
FNDA:0,(anonymous_21)
FNDA:0,callClaudeAPIStreaming
FNDA:0,addSuggestionAsDiagnostic
FNDA:0,(anonymous_24)
FNDA:0,deactivate
DA:3,0
DA:4,0
DA:5,0
DA:6,0
DA:7,0
DA:10,0
DA:17,0
DA:20,0
DA:23,0
DA:25,0
DA:26,0
DA:28,0
DA:29,0
DA:30,0
DA:31,0
DA:32,0
DA:34,0
DA:35,0
DA:49,0
DA:54,0
DA:57,0
DA:60,0
DA:61,0
DA:62,0
DA:65,0
DA:66,0
DA:75,0
DA:77,0
DA:78,0
DA:80,0
DA:82,0
DA:84,0
DA:88,0
DA:89,0
DA:90,0
DA:91,0
DA:95,0
DA:98,0
DA:102,0
DA:104,0
DA:105,0
DA:106,0
DA:107,0
DA:108,0
DA:109,0
DA:110,0
DA:111,0
DA:112,0
DA:115,0
DA:121,0
DA:124,0
DA:125,0
DA:126,0
DA:129,0
DA:131,0
DA:132,0
DA:133,0
DA:137,0
DA:143,0
DA:147,0
DA:149,0
DA:150,0
DA:151,0
DA:152,0
DA:157,0
DA:159,0
DA:160,0
DA:161,0
DA:166,0
DA:167,0
DA:168,0
DA:169,0
DA:170,0
DA:173,0
DA:174,0
DA:175,0
DA:177,0
DA:178,0
DA:179,0
DA:183,0
DA:184,0
DA:185,0
DA:186,0
DA:187,0
DA:189,0
DA:190,0
DA:195,0
DA:196,0
DA:199,0
DA:204,0
DA:206,0
DA:210,0
DA:212,0
DA:213,0
DA:215,0
DA:216,0
DA:219,0
DA:223,0
DA:233,0
DA:235,0
DA:236,0
DA:237,0
DA:239,0
DA:247,0
DA:250,0
DA:261,0
DA:262,0
DA:263,0
DA:264,0
DA:267,0
DA:268,0
DA:269,0
DA:271,0
DA:272,0
DA:276,0
DA:277,0
DA:279,0
DA:280,0
DA:281,0
DA:282,0
DA:284,0
DA:286,0
DA:287,0
DA:288,0
DA:289,0
DA:290,0
DA:295,0
DA:296,0
DA:297,0
DA:298,0
DA:299,0
DA:300,0
DA:301,0
DA:302,0
DA:305,0
DA:306,0
DA:308,0
DA:312,0
DA:313,0
DA:317,0
DA:318,0
DA:319,0
DA:320,0
DA:323,0
DA:326,0
DA:327,0
DA:328,0
DA:330,0
DA:336,0
DA:337,0
DA:339,0
DA:340,0
DA:341,0
DA:342,0
DA:344,0
DA:347,0
DA:348,0
DA:352,0
DA:354,0
DA:356,0
DA:357,0
DA:360,0
DA:363,0
DA:366,0
DA:367,0
DA:376,0
DA:377,0
DA:378,0
DA:379,0
DA:380,0
DA:381,0
DA:385,0
DA:386,0
DA:387,0
DA:391,0
DA:392,0
DA:393,0
DA:397,0
DA:398,0
DA:399,0
DA:400,0
DA:404,0
LF:182
LH:0
BRDA:34,0,0,0
BRDA:34,0,1,0
BRDA:34,1,0,0
BRDA:34,1,1,0
BRDA:34,1,2,0
BRDA:34,1,3,0
BRDA:41,2,0,0
BRDA:41,2,1,0
BRDA:78,3,0,0
BRDA:78,3,1,0
BRDA:82,4,0,0
BRDA:82,4,1,0
BRDA:106,5,0,0
BRDA:106,5,1,0
BRDA:107,6,0,0
BRDA:107,6,1,0
BRDA:115,7,0,0
BRDA:115,7,1,0
BRDA:131,8,0,0
BRDA:131,8,1,0
BRDA:149,9,0,0
BRDA:149,9,1,0
BRDA:149,10,0,0
BRDA:149,10,1,0
BRDA:168,11,0,0
BRDA:168,11,1,0
BRDA:177,12,0,0
BRDA:177,12,1,0
BRDA:206,13,0,0
BRDA:206,13,1,0
BRDA:212,14,0,0
BRDA:212,14,1,0
BRDA:212,15,0,0
BRDA:212,15,1,0
BRDA:262,16,0,0
BRDA:262,16,1,0
BRDA:267,17,0,0
BRDA:267,17,1,0
BRDA:267,18,0,0
BRDA:267,18,1,0
BRDA:271,19,0,0
BRDA:271,19,1,0
BRDA:305,20,0,0
BRDA:305,20,1,0
BRDA:330,21,0,0
BRDA:330,21,1,0
BRDA:336,22,0,0
BRDA:336,22,1,0
BRDA:339,23,0,0
BRDA:339,23,1,0
BRDA:352,24,0,0
BRDA:352,24,1,0
BRDA:354,25,0,0
BRDA:354,25,1,0
BRDA:360,26,0,0
BRDA:360,26,1,0
BRDA:361,27,0,0
BRDA:361,27,1,0
BRF:58
BRH:0
end_of_record
TN:
SF:src/logger.ts
FN:3,(anonymous_0)
FN:14,(anonymous_1)
FN:25,(anonymous_2)
FN:29,(anonymous_3)
FN:37,(anonymous_4)
FN:45,(anonymous_5)
FN:53,(anonymous_6)
FNF:7
FNH:4
FNDA:5,(anonymous_0)
FNDA:5,(anonymous_1)
FNDA:0,(anonymous_2)
FNDA:1193,(anonymous_3)
FNDA:2,(anonymous_4)
FNDA:0,(anonymous_5)
FNDA:0,(anonymous_6)
DA:3,5
DA:4,5
DA:5,5
DA:6,5
DA:7,5
DA:15,5
DA:16,5
DA:17,5
DA:18,0
DA:19,0
DA:20,0
DA:21,0
DA:26,0
DA:30,1193
DA:31,0
DA:32,0
DA:33,0
DA:38,2
DA:39,0
DA:40,0
DA:41,0
DA:46,0
DA:47,0
DA:48,0
DA:49,0
DA:54,0
DA:55,0
DA:56,0
DA:57,0
DA:62,5
LF:30
LH:11
BRDA:3,0,0,5
BRDA:3,0,1,5
BRDA:16,1,0,5
BRDA:16,1,1,0
BRDA:16,1,2,0
BRDA:16,1,3,0
BRDA:16,1,4,0
BRDA:30,2,0,0
BRDA:30,2,1,1193
BRDA:38,3,0,0
BRDA:38,3,1,2
BRDA:46,4,0,0
BRDA:46,4,1,0
BRDA:54,5,0,0
BRDA:54,5,1,0
BRF:15
BRH:5
end_of_record
TN:
SF:src/parsing.ts
FN:16,stripQuotes
FN:35,extractField
FN:55,isBlockComplete
FN:89,parseIssueBlock
FN:140,parseCompleteIssueBlocks
FN:167,parsePartialBuffer
FN:209,extractSummary
FN:223,isQuickFixable
FNF:8
FNH:8
FNDA:817,stripQuotes
FNDA:935,extractField
FNDA:2423,isBlockComplete
FNDA:187,parseIssueBlock
FNDA:12,parseCompleteIssueBlocks
FNDA:2648,parsePartialBuffer
FNDA:3,extractSummary
FNDA:10,isQuickFixable
DA:2,5
DA:17,817
DA:20,817
DA:22,817
DA:23,3160
DA:24,349
DA:29,468
DA:40,935
DA:41,935
DA:46,935
DA:47,935
DA:49,817
DA:55,5
DA:57,2423
DA:62,2002
DA:66,421
DA:67,421
DA:69,407
DA:72,407
DA:73,407
DA:74,537
DA:76,381
DA:81,26
DA:89,5
DA:90,187
DA:92,187
DA:93,187
DA:94,187
DA:96,187
DA:97,187
DA:98,187
DA:99,187
DA:100,187
DA:102,187
DA:103,187
DA:105,187
DA:106,116
DA:107,116
DA:110,71
DA:111,71
DA:112,0
DA:113,0
DA:116,71
DA:118,71
DA:127,71
DA:128,71
DA:130,71
DA:132,0
DA:133,0
DA:140,5
DA:141,12
DA:144,12
DA:145,12
DA:147,12
DA:148,35
DA:151,35
DA:152,1
DA:155,34
DA:156,34
DA:157,34
DA:161,12
DA:167,5
DA:171,2648
DA:174,2648
DA:175,2648
DA:177,2648
DA:179,2648
DA:180,2498
DA:181,2498
DA:184,2498
DA:186,2498
DA:188,2382
DA:189,2362
DA:193,136
DA:194,136
DA:195,21
DA:196,21
DA:200,2648
DA:209,5
DA:210,3
DA:211,3
DA:212,1
DA:215,2
DA:216,2
DA:223,5
DA:225,10
DA:226,1
DA:230,9
DA:231,2
DA:235,7
DA:236,1
DA:240,6
DA:241,6
DA:242,2
DA:246,4
LF:95
LH:91
BRDA:23,0,0,349
BRDA:23,0,1,2811
BRDA:23,1,0,3160
BRDA:23,1,1,364
BRDA:23,1,2,349
BRDA:40,2,0,748
BRDA:40,2,1,187
BRDA:47,3,0,118
BRDA:47,3,1,817
BRDA:57,4,0,2002
BRDA:57,4,1,421
BRDA:57,5,0,2423
BRDA:57,5,1,2285
BRDA:57,5,2,1704
BRDA:57,5,3,1337
BRDA:57,5,4,1114
BRDA:67,6,0,14
BRDA:67,6,1,407
BRDA:74,7,0,381
BRDA:74,7,1,156
BRDA:76,8,0,381
BRDA:76,8,1,59
BRDA:105,9,0,116
BRDA:105,9,1,71
BRDA:105,10,0,187
BRDA:105,10,1,187
BRDA:105,10,2,187
BRDA:105,10,3,71
BRDA:111,11,0,0
BRDA:111,11,1,71
BRDA:111,12,0,71
BRDA:111,12,1,21
BRDA:111,12,2,4
BRDA:116,13,0,70
BRDA:116,13,1,1
BRDA:151,14,0,1
BRDA:151,14,1,34
BRDA:156,15,0,34
BRDA:156,15,1,0
BRDA:186,16,0,2382
BRDA:186,16,1,116
BRDA:188,17,0,2362
BRDA:188,17,1,20
BRDA:194,18,0,21
BRDA:194,18,1,115
BRDA:211,19,0,1
BRDA:211,19,1,2
BRDA:216,20,0,2
BRDA:216,20,1,1
BRDA:225,21,0,1
BRDA:225,21,1,9
BRDA:225,22,0,10
BRDA:225,22,1,9
BRDA:230,23,0,2
BRDA:230,23,1,7
BRDA:235,24,0,1
BRDA:235,24,1,6
BRDA:241,25,0,2
BRDA:241,25,1,4
BRF:59
BRH:57
end_of_record
